\BOOKMARK [1][-]{section.1}{\376\377\136\217\212\326}{}% 1
\BOOKMARK [1][-]{section.2}{\376\377\060\307\060\374\060\277\060\150\122\115\121\346\164\006}{}% 2
\BOOKMARK [2][-]{subsection.2.1}{\376\377\060\307\060\374\060\277\060\273\060\303\060\310\060\156\151\202\211\201}{section.2}% 3
\BOOKMARK [2][-]{subsection.2.2}{\376\377\122\115\121\346\164\006\142\113\230\006}{section.2}% 4
\BOOKMARK [1][-]{section.3}{\376\377\142\113\154\325}{}% 5
\BOOKMARK [2][-]{subsection.3.1}{\376\377\212\125\117\241\133\376\214\141\060\342\060\307\060\353}{section.3}% 6
\BOOKMARK [2][-]{subsection.3.2}{\376\377\060\317\060\244\060\321\060\374\060\321\060\351\060\341\060\374\060\277\212\277\145\164}{section.3}% 7
\BOOKMARK [2][-]{subsection.3.3}{\376\377\133\146\177\322\212\055\133\232}{section.3}% 8
\BOOKMARK [2][-]{subsection.3.4}{\376\377\212\125\117\241\142\113\154\325}{section.3}% 9
\BOOKMARK [2][-]{subsection.3.5}{\376\377\133\237\232\023\142\113\230\006}{section.3}% 10
\BOOKMARK [1][-]{section.4}{\376\377\175\120\147\234}{}% 11
\BOOKMARK [2][-]{subsection.4.1}{\376\377\147\000\175\102\140\047\200\375\153\324\217\003}{section.4}% 12
\BOOKMARK [2][-]{subsection.4.2}{\376\377\133\146\177\322\220\116\172\013\060\156\122\006\147\220}{section.4}% 13
\BOOKMARK [2][-]{subsection.4.3}{\376\377\116\210\156\054\174\276\136\246\060\156\212\163\175\060\122\006\147\220}{section.4}% 14
\BOOKMARK [2][-]{subsection.4.4}{\376\377\153\213\135\356\122\006\147\220}{section.4}% 15
\BOOKMARK [2][-]{subsection.4.5}{\376\377\060\317\060\244\060\321\060\374\060\321\060\351\060\341\060\374\060\277\141\037\136\246\122\006\147\220}{section.4}% 16
\BOOKMARK [1][-]{section.5}{\376\377\200\003\133\337}{}% 17
\BOOKMARK [2][-]{subsection.5.1}{\376\377\060\342\060\307\060\353\225\223\060\156\153\324\217\003\060\150\162\171\137\264}{section.5}% 18
\BOOKMARK [2][-]{subsection.5.2}{\376\377\162\171\137\264\221\317\060\156\133\304\116\016\060\153\225\242\060\131\060\213\200\003\133\337}{section.5}% 19
\BOOKMARK [2][-]{subsection.5.3}{\376\377\060\342\060\307\060\353\060\156\226\120\165\114\060\150\212\262\230\114}{section.5}% 20
\BOOKMARK [2][-]{subsection.5.4}{\376\377\133\237\165\050\123\026\060\153\124\021\060\121\060\137\212\262\230\114}{section.5}% 21
\BOOKMARK [1][-]{section.6}{\376\377\175\120\212\326}{}% 22
